<?xml version="1.0" encoding="UTF-8"?>
<coverage generated="1685351802223" clover="3.2.0">
  <project timestamp="1685351802223" name="All files">
    <metrics statements="92" coveredstatements="61" conditionals="41" coveredconditionals="17" methods="32" coveredmethods="16" elements="165" coveredelements="94" complexity="0" loc="92" ncloc="92" packages="1" files="2" classes="2"/>
    <file name="allEntitiesUsed.cjs" path="C:\Users\zeina\Documents\codin\javascript\jestJsonPrototypin\tests\prototype\src\allEntitiesUsed.cjs">
      <metrics statements="51" coveredstatements="50" conditionals="19" coveredconditionals="17" methods="13" coveredmethods="11"/>
      <line num="1" count="1" type="stmt"/>
      <line num="6" count="24" type="stmt"/>
      <line num="7" count="24" type="stmt"/>
      <line num="8" count="24" type="stmt"/>
      <line num="33" count="18" type="stmt"/>
      <line num="37" count="14" type="stmt"/>
      <line num="38" count="18" type="stmt"/>
      <line num="39" count="18" type="stmt"/>
      <line num="40" count="18" type="stmt"/>
      <line num="41" count="18" type="stmt"/>
      <line num="42" count="18" type="stmt"/>
      <line num="45" count="18" type="stmt"/>
      <line num="46" count="18" type="stmt"/>
      <line num="48" count="18" type="cond" truecount="2" falsecount="0"/>
      <line num="52" count="14" type="stmt"/>
      <line num="53" count="12" type="stmt"/>
      <line num="54" count="12" type="stmt"/>
      <line num="55" count="12" type="stmt"/>
      <line num="56" count="12" type="stmt"/>
      <line num="58" count="12" type="stmt"/>
      <line num="61" count="14" type="stmt"/>
      <line num="66" count="21" type="cond" truecount="2" falsecount="0"/>
      <line num="67" count="5" type="stmt"/>
      <line num="68" count="5" type="stmt"/>
      <line num="69" count="5" type="stmt"/>
      <line num="70" count="5" type="stmt"/>
      <line num="71" count="5" type="stmt"/>
      <line num="73" count="16" type="cond" truecount="2" falsecount="0"/>
      <line num="74" count="5" type="stmt"/>
      <line num="75" count="5" type="stmt"/>
      <line num="76" count="5" type="stmt"/>
      <line num="80" count="11" type="stmt"/>
      <line num="86" count="22" type="stmt"/>
      <line num="87" count="22" type="stmt"/>
      <line num="89" count="22" type="cond" truecount="2" falsecount="0"/>
      <line num="90" count="13" type="stmt"/>
      <line num="94" count="9" type="stmt"/>
      <line num="96" count="22" type="cond" truecount="4" falsecount="0"/>
      <line num="97" count="3" type="stmt"/>
      <line num="100" count="19" type="cond" truecount="2" falsecount="0"/>
      <line num="101" count="10" type="stmt"/>
      <line num="102" count="18" type="stmt"/>
      <line num="105" count="22" type="stmt"/>
      <line num="116" count="84" type="stmt"/>
      <line num="118" count="21" type="stmt"/>
      <line num="119" count="21" type="cond" truecount="1" falsecount="1"/>
      <line num="120" count="21" type="stmt"/>
      <line num="121" count="21" type="cond" truecount="1" falsecount="1"/>
      <line num="122" count="0" type="stmt"/>
      <line num="126" count="21" type="stmt"/>
      <line num="130" count="1" type="stmt"/>
    </file>
    <file name="helperFuncs.cjs" path="C:\Users\zeina\Documents\codin\javascript\jestJsonPrototypin\tests\prototype\src\helperFuncs.cjs">
      <metrics statements="41" coveredstatements="11" conditionals="22" coveredconditionals="0" methods="19" coveredmethods="5"/>
      <line num="3" count="24" type="stmt"/>
      <line num="7" count="0" type="stmt"/>
      <line num="8" count="0" type="stmt"/>
      <line num="12" count="24" type="stmt"/>
      <line num="13" count="24" type="stmt"/>
      <line num="14" count="24" type="stmt"/>
      <line num="15" count="18" type="stmt"/>
      <line num="16" count="26" type="stmt"/>
      <line num="18" count="18" type="stmt"/>
      <line num="19" count="18" type="stmt"/>
      <line num="20" count="18" type="stmt"/>
      <line num="22" count="24" type="stmt"/>
      <line num="26" count="0" type="cond" truecount="0" falsecount="2"/>
      <line num="27" count="0" type="stmt"/>
      <line num="33" count="0" type="cond" truecount="0" falsecount="4"/>
      <line num="34" count="0" type="stmt"/>
      <line num="37" count="0" type="cond" truecount="0" falsecount="2"/>
      <line num="38" count="0" type="stmt"/>
      <line num="41" count="0" type="stmt"/>
      <line num="42" count="0" type="stmt"/>
      <line num="44" count="0" type="stmt"/>
      <line num="46" count="0" type="cond" truecount="0" falsecount="2"/>
      <line num="47" count="0" type="stmt"/>
      <line num="50" count="0" type="stmt"/>
      <line num="56" count="0" type="stmt"/>
      <line num="60" count="0" type="stmt"/>
      <line num="61" count="0" type="cond" truecount="0" falsecount="4"/>
      <line num="62" count="0" type="stmt"/>
      <line num="64" count="0" type="stmt"/>
      <line num="66" count="0" type="stmt"/>
      <line num="67" count="0" type="cond" truecount="0" falsecount="4"/>
      <line num="68" count="0" type="stmt"/>
      <line num="70" count="0" type="stmt"/>
      <line num="72" count="0" type="stmt"/>
      <line num="73" count="0" type="cond" truecount="0" falsecount="4"/>
      <line num="74" count="0" type="stmt"/>
      <line num="76" count="0" type="stmt"/>
      <line num="78" count="0" type="stmt"/>
      <line num="79" count="0" type="stmt"/>
      <line num="80" count="0" type="stmt"/>
      <line num="84" count="1" type="stmt"/>
    </file>
  </project>
</coverage>
