{"C:\\Users\\zeina\\Documents\\codin\\javascript\\jestJsonPrototypin\\tests\\prototype\\src\\allIntentsUsed.cjs": {"path":"C:\\Users\\zeina\\Documents\\codin\\javascript\\jestJsonPrototypin\\tests\\prototype\\src\\allIntentsUsed.cjs","statementMap":{"0":{"start":{"line":1,"column":17},"end":{"line":1,"column":45}},"1":{"start":{"line":5,"column":8},"end":{"line":5,"column":27}},"2":{"start":{"line":6,"column":8},"end":{"line":6,"column":35}},"3":{"start":{"line":7,"column":8},"end":{"line":7,"column":45}},"4":{"start":{"line":10,"column":29},"end":{"line":10,"column":59}},"5":{"start":{"line":11,"column":28},"end":{"line":11,"column":54}},"6":{"start":{"line":12,"column":40},"end":{"line":12,"column":42}},"7":{"start":{"line":13,"column":8},"end":{"line":29,"column":9}},"8":{"start":{"line":15,"column":34},"end":{"line":15,"column":38}},"9":{"start":{"line":16,"column":12},"end":{"line":23,"column":13}},"10":{"start":{"line":17,"column":38},"end":{"line":17,"column":50}},"11":{"start":{"line":18,"column":16},"end":{"line":18,"column":100}},"12":{"start":{"line":18,"column":61},"end":{"line":18,"column":98}},"13":{"start":{"line":20,"column":43},"end":{"line":20,"column":115}},"14":{"start":{"line":22,"column":16},"end":{"line":22,"column":108}},"15":{"start":{"line":22,"column":61},"end":{"line":22,"column":106}},"16":{"start":{"line":25,"column":12},"end":{"line":27,"column":13}},"17":{"start":{"line":26,"column":16},"end":{"line":26,"column":53}},"18":{"start":{"line":32,"column":46},"end":{"line":32,"column":48}},"19":{"start":{"line":33,"column":8},"end":{"line":37,"column":9}},"20":{"start":{"line":34,"column":12},"end":{"line":34,"column":194}},"21":{"start":{"line":34,"column":73},"end":{"line":34,"column":151}},"22":{"start":{"line":34,"column":165},"end":{"line":34,"column":192}},"23":{"start":{"line":36,"column":12},"end":{"line":36,"column":299}},"24":{"start":{"line":36,"column":73},"end":{"line":36,"column":168}},"25":{"start":{"line":36,"column":182},"end":{"line":36,"column":297}},"26":{"start":{"line":39,"column":24},"end":{"line":39,"column":93}},"27":{"start":{"line":40,"column":23},"end":{"line":40,"column":158}},"28":{"start":{"line":40,"column":105},"end":{"line":40,"column":133}},"29":{"start":{"line":40,"column":147},"end":{"line":40,"column":157}},"30":{"start":{"line":41,"column":22},"end":{"line":41,"column":163}},"31":{"start":{"line":41,"column":112},"end":{"line":41,"column":139}},"32":{"start":{"line":41,"column":153},"end":{"line":41,"column":162}},"33":{"start":{"line":44,"column":8},"end":{"line":44,"column":69}},"34":{"start":{"line":47,"column":26},"end":{"line":47,"column":56}},"35":{"start":{"line":48,"column":27},"end":{"line":48,"column":91}},"36":{"start":{"line":49,"column":8},"end":{"line":49,"column":28}},"37":{"start":{"line":50,"column":8},"end":{"line":50,"column":27}},"38":{"start":{"line":51,"column":24},"end":{"line":51,"column":81}},"39":{"start":{"line":52,"column":23},"end":{"line":52,"column":146}},"40":{"start":{"line":52,"column":93},"end":{"line":52,"column":121}},"41":{"start":{"line":52,"column":135},"end":{"line":52,"column":145}},"42":{"start":{"line":53,"column":22},"end":{"line":53,"column":143}},"43":{"start":{"line":53,"column":92},"end":{"line":53,"column":119}},"44":{"start":{"line":53,"column":133},"end":{"line":53,"column":142}},"45":{"start":{"line":56,"column":8},"end":{"line":56,"column":69}},"46":{"start":{"line":61,"column":0},"end":{"line":63,"column":2}}},"fnMap":{"0":{"name":"(anonymous_0)","decl":{"start":{"line":4,"column":4},"end":{"line":4,"column":5}},"loc":{"start":{"line":4,"column":40},"end":{"line":8,"column":5}},"line":4},"1":{"name":"(anonymous_1)","decl":{"start":{"line":9,"column":4},"end":{"line":9,"column":5}},"loc":{"start":{"line":9,"column":23},"end":{"line":45,"column":5}},"line":9},"2":{"name":"(anonymous_2)","decl":{"start":{"line":18,"column":53},"end":{"line":18,"column":54}},"loc":{"start":{"line":18,"column":61},"end":{"line":18,"column":98}},"line":18},"3":{"name":"(anonymous_3)","decl":{"start":{"line":22,"column":53},"end":{"line":22,"column":54}},"loc":{"start":{"line":22,"column":61},"end":{"line":22,"column":106}},"line":22},"4":{"name":"(anonymous_4)","decl":{"start":{"line":34,"column":65},"end":{"line":34,"column":66}},"loc":{"start":{"line":34,"column":73},"end":{"line":34,"column":151}},"line":34},"5":{"name":"(anonymous_5)","decl":{"start":{"line":34,"column":157},"end":{"line":34,"column":158}},"loc":{"start":{"line":34,"column":165},"end":{"line":34,"column":192}},"line":34},"6":{"name":"(anonymous_6)","decl":{"start":{"line":36,"column":65},"end":{"line":36,"column":66}},"loc":{"start":{"line":36,"column":73},"end":{"line":36,"column":168}},"line":36},"7":{"name":"(anonymous_7)","decl":{"start":{"line":36,"column":174},"end":{"line":36,"column":175}},"loc":{"start":{"line":36,"column":182},"end":{"line":36,"column":297}},"line":36},"8":{"name":"(anonymous_8)","decl":{"start":{"line":40,"column":97},"end":{"line":40,"column":98}},"loc":{"start":{"line":40,"column":105},"end":{"line":40,"column":133}},"line":40},"9":{"name":"(anonymous_9)","decl":{"start":{"line":40,"column":139},"end":{"line":40,"column":140}},"loc":{"start":{"line":40,"column":147},"end":{"line":40,"column":157}},"line":40},"10":{"name":"(anonymous_10)","decl":{"start":{"line":41,"column":104},"end":{"line":41,"column":105}},"loc":{"start":{"line":41,"column":112},"end":{"line":41,"column":139}},"line":41},"11":{"name":"(anonymous_11)","decl":{"start":{"line":41,"column":145},"end":{"line":41,"column":146}},"loc":{"start":{"line":41,"column":153},"end":{"line":41,"column":162}},"line":41},"12":{"name":"(anonymous_12)","decl":{"start":{"line":46,"column":4},"end":{"line":46,"column":5}},"loc":{"start":{"line":46,"column":40},"end":{"line":57,"column":5}},"line":46},"13":{"name":"(anonymous_13)","decl":{"start":{"line":52,"column":85},"end":{"line":52,"column":86}},"loc":{"start":{"line":52,"column":93},"end":{"line":52,"column":121}},"line":52},"14":{"name":"(anonymous_14)","decl":{"start":{"line":52,"column":127},"end":{"line":52,"column":128}},"loc":{"start":{"line":52,"column":135},"end":{"line":52,"column":145}},"line":52},"15":{"name":"(anonymous_15)","decl":{"start":{"line":53,"column":84},"end":{"line":53,"column":85}},"loc":{"start":{"line":53,"column":92},"end":{"line":53,"column":119}},"line":53},"16":{"name":"(anonymous_16)","decl":{"start":{"line":53,"column":125},"end":{"line":53,"column":126}},"loc":{"start":{"line":53,"column":133},"end":{"line":53,"column":142}},"line":53}},"branchMap":{"0":{"loc":{"start":{"line":4,"column":23},"end":{"line":4,"column":39}},"type":"default-arg","locations":[{"start":{"line":4,"column":35},"end":{"line":4,"column":39}}],"line":4},"1":{"loc":{"start":{"line":16,"column":12},"end":{"line":23,"column":13}},"type":"if","locations":[{"start":{"line":16,"column":12},"end":{"line":23,"column":13}},{"start":{"line":19,"column":19},"end":{"line":23,"column":13}}],"line":16},"2":{"loc":{"start":{"line":25,"column":12},"end":{"line":27,"column":13}},"type":"if","locations":[{"start":{"line":25,"column":12},"end":{"line":27,"column":13}},{"start":{},"end":{}}],"line":25},"3":{"loc":{"start":{"line":33,"column":8},"end":{"line":37,"column":9}},"type":"if","locations":[{"start":{"line":33,"column":8},"end":{"line":37,"column":9}},{"start":{"line":35,"column":15},"end":{"line":37,"column":9}}],"line":33},"4":{"loc":{"start":{"line":34,"column":73},"end":{"line":34,"column":151}},"type":"cond-expr","locations":[{"start":{"line":34,"column":109},"end":{"line":34,"column":143}},{"start":{"line":34,"column":146},"end":{"line":34,"column":151}}],"line":34},"5":{"loc":{"start":{"line":36,"column":73},"end":{"line":36,"column":168}},"type":"cond-expr","locations":[{"start":{"line":36,"column":109},"end":{"line":36,"column":161}},{"start":{"line":36,"column":163},"end":{"line":36,"column":168}}],"line":36},"6":{"loc":{"start":{"line":46,"column":23},"end":{"line":46,"column":38}},"type":"default-arg","locations":[{"start":{"line":46,"column":33},"end":{"line":46,"column":38}}],"line":46},"7":{"loc":{"start":{"line":48,"column":27},"end":{"line":48,"column":91}},"type":"cond-expr","locations":[{"start":{"line":48,"column":46},"end":{"line":48,"column":66}},{"start":{"line":48,"column":69},"end":{"line":48,"column":91}}],"line":48}},"s":{"0":2,"1":59,"2":59,"3":59,"4":47,"5":47,"6":47,"7":47,"8":184,"9":184,"10":92,"11":92,"12":410,"13":92,"14":92,"15":458,"16":184,"17":130,"18":47,"19":47,"20":26,"21":107,"22":72,"23":21,"24":104,"25":84,"26":47,"27":47,"28":184,"29":54,"30":47,"31":206,"32":22,"33":47,"34":13,"35":13,"36":13,"37":13,"38":13,"39":13,"40":45,"41":9,"42":13,"43":45,"44":6,"45":13,"46":2},"f":{"0":59,"1":47,"2":410,"3":458,"4":107,"5":72,"6":104,"7":84,"8":184,"9":54,"10":206,"11":22,"12":13,"13":45,"14":9,"15":45,"16":6},"b":{"0":[38],"1":[92,92],"2":[130,54],"3":[26,21],"4":[103,4],"5":[100,4],"6":[7],"7":[7,6]},"inputSourceMap":null,"_coverageSchema":"1a1c01bbd47fc00a2c39e90264f33305004495a9","hash":"96277512d4db1337724982a286c46596e120e00b"}
,"C:\\Users\\zeina\\Documents\\codin\\javascript\\jestJsonPrototypin\\tests\\prototype\\src\\allMultiline.cjs": {"path":"C:\\Users\\zeina\\Documents\\codin\\javascript\\jestJsonPrototypin\\tests\\prototype\\src\\allMultiline.cjs","statementMap":{"0":{"start":{"line":3,"column":8},"end":{"line":3,"column":27}},"1":{"start":{"line":7,"column":37},"end":{"line":14,"column":10}},"2":{"start":{"line":8,"column":12},"end":{"line":13,"column":13}},"3":{"start":{"line":9,"column":16},"end":{"line":9,"column":67}},"4":{"start":{"line":12,"column":16},"end":{"line":12,"column":29}},"5":{"start":{"line":15,"column":36},"end":{"line":15,"column":114}},"6":{"start":{"line":15,"column":71},"end":{"line":15,"column":113}},"7":{"start":{"line":16,"column":54},"end":{"line":16,"column":150}},"8":{"start":{"line":16,"column":92},"end":{"line":16,"column":149}},"9":{"start":{"line":17,"column":31},"end":{"line":17,"column":155}},"10":{"start":{"line":17,"column":83},"end":{"line":17,"column":154}},"11":{"start":{"line":18,"column":36},"end":{"line":18,"column":99}},"12":{"start":{"line":18,"column":75},"end":{"line":18,"column":98}},"13":{"start":{"line":20,"column":8},"end":{"line":20,"column":72}},"14":{"start":{"line":24,"column":0},"end":{"line":26,"column":2}}},"fnMap":{"0":{"name":"(anonymous_0)","decl":{"start":{"line":2,"column":4},"end":{"line":2,"column":5}},"loc":{"start":{"line":2,"column":24},"end":{"line":4,"column":5}},"line":2},"1":{"name":"(anonymous_1)","decl":{"start":{"line":5,"column":4},"end":{"line":5,"column":5}},"loc":{"start":{"line":5,"column":12},"end":{"line":21,"column":5}},"line":5},"2":{"name":"(anonymous_2)","decl":{"start":{"line":7,"column":71},"end":{"line":7,"column":72}},"loc":{"start":{"line":7,"column":79},"end":{"line":14,"column":9}},"line":7},"3":{"name":"(anonymous_3)","decl":{"start":{"line":15,"column":63},"end":{"line":15,"column":64}},"loc":{"start":{"line":15,"column":71},"end":{"line":15,"column":113}},"line":15},"4":{"name":"(anonymous_4)","decl":{"start":{"line":16,"column":84},"end":{"line":16,"column":85}},"loc":{"start":{"line":16,"column":92},"end":{"line":16,"column":149}},"line":16},"5":{"name":"(anonymous_5)","decl":{"start":{"line":17,"column":75},"end":{"line":17,"column":76}},"loc":{"start":{"line":17,"column":83},"end":{"line":17,"column":154}},"line":17},"6":{"name":"(anonymous_6)","decl":{"start":{"line":18,"column":64},"end":{"line":18,"column":65}},"loc":{"start":{"line":18,"column":75},"end":{"line":18,"column":98}},"line":18}},"branchMap":{"0":{"loc":{"start":{"line":8,"column":12},"end":{"line":13,"column":13}},"type":"if","locations":[{"start":{"line":8,"column":12},"end":{"line":13,"column":13}},{"start":{"line":11,"column":17},"end":{"line":13,"column":13}}],"line":8},"1":{"loc":{"start":{"line":8,"column":16},"end":{"line":8,"column":158}},"type":"binary-expr","locations":[{"start":{"line":8,"column":16},"end":{"line":8,"column":52}},{"start":{"line":8,"column":56},"end":{"line":8,"column":100}},{"start":{"line":8,"column":104},"end":{"line":8,"column":158}}],"line":8},"2":{"loc":{"start":{"line":17,"column":83},"end":{"line":17,"column":154}},"type":"cond-expr","locations":[{"start":{"line":17,"column":120},"end":{"line":17,"column":139}},{"start":{"line":17,"column":141},"end":{"line":17,"column":154}}],"line":17}},"s":{"0":11,"1":11,"2":53,"3":53,"4":0,"5":11,"6":20,"7":11,"8":20,"9":11,"10":9,"11":11,"12":15,"13":11,"14":2},"f":{"0":11,"1":11,"2":53,"3":20,"4":20,"5":9,"6":15},"b":{"0":[53,0],"1":[53,53,53],"2":[9,0]},"inputSourceMap":null,"_coverageSchema":"1a1c01bbd47fc00a2c39e90264f33305004495a9","hash":"eba639aaed2c4e06efa4072409495234e36c92cb"}
,"C:\\Users\\zeina\\Documents\\codin\\javascript\\jestJsonPrototypin\\tests\\prototype\\src\\allSequential.cjs": {"path":"C:\\Users\\zeina\\Documents\\codin\\javascript\\jestJsonPrototypin\\tests\\prototype\\src\\allSequential.cjs","statementMap":{"0":{"start":{"line":3,"column":8},"end":{"line":3,"column":27}},"1":{"start":{"line":7,"column":38},"end":{"line":14,"column":10}},"2":{"start":{"line":8,"column":12},"end":{"line":13,"column":13}},"3":{"start":{"line":9,"column":16},"end":{"line":9,"column":69}},"4":{"start":{"line":12,"column":16},"end":{"line":12,"column":29}},"5":{"start":{"line":15,"column":36},"end":{"line":15,"column":115}},"6":{"start":{"line":15,"column":72},"end":{"line":15,"column":114}},"7":{"start":{"line":16,"column":47},"end":{"line":16,"column":145}},"8":{"start":{"line":16,"column":86},"end":{"line":16,"column":144}},"9":{"start":{"line":17,"column":31},"end":{"line":17,"column":148}},"10":{"start":{"line":17,"column":76},"end":{"line":17,"column":147}},"11":{"start":{"line":18,"column":37},"end":{"line":18,"column":101}},"12":{"start":{"line":18,"column":76},"end":{"line":18,"column":100}},"13":{"start":{"line":20,"column":8},"end":{"line":20,"column":73}},"14":{"start":{"line":24,"column":0},"end":{"line":26,"column":1}}},"fnMap":{"0":{"name":"(anonymous_0)","decl":{"start":{"line":2,"column":4},"end":{"line":2,"column":5}},"loc":{"start":{"line":2,"column":22},"end":{"line":4,"column":5}},"line":2},"1":{"name":"(anonymous_1)","decl":{"start":{"line":5,"column":4},"end":{"line":5,"column":5}},"loc":{"start":{"line":5,"column":12},"end":{"line":21,"column":5}},"line":5},"2":{"name":"(anonymous_2)","decl":{"start":{"line":7,"column":72},"end":{"line":7,"column":73}},"loc":{"start":{"line":7,"column":80},"end":{"line":14,"column":9}},"line":7},"3":{"name":"(anonymous_3)","decl":{"start":{"line":15,"column":64},"end":{"line":15,"column":65}},"loc":{"start":{"line":15,"column":72},"end":{"line":15,"column":114}},"line":15},"4":{"name":"(anonymous_4)","decl":{"start":{"line":16,"column":78},"end":{"line":16,"column":79}},"loc":{"start":{"line":16,"column":86},"end":{"line":16,"column":144}},"line":16},"5":{"name":"(anonymous_5)","decl":{"start":{"line":17,"column":68},"end":{"line":17,"column":69}},"loc":{"start":{"line":17,"column":76},"end":{"line":17,"column":147}},"line":17},"6":{"name":"(anonymous_6)","decl":{"start":{"line":18,"column":65},"end":{"line":18,"column":66}},"loc":{"start":{"line":18,"column":76},"end":{"line":18,"column":100}},"line":18}},"branchMap":{"0":{"loc":{"start":{"line":8,"column":12},"end":{"line":13,"column":13}},"type":"if","locations":[{"start":{"line":8,"column":12},"end":{"line":13,"column":13}},{"start":{"line":11,"column":17},"end":{"line":13,"column":13}}],"line":8},"1":{"loc":{"start":{"line":8,"column":16},"end":{"line":8,"column":158}},"type":"binary-expr","locations":[{"start":{"line":8,"column":16},"end":{"line":8,"column":52}},{"start":{"line":8,"column":56},"end":{"line":8,"column":100}},{"start":{"line":8,"column":104},"end":{"line":8,"column":158}}],"line":8},"2":{"loc":{"start":{"line":17,"column":76},"end":{"line":17,"column":147}},"type":"cond-expr","locations":[{"start":{"line":17,"column":113},"end":{"line":17,"column":132}},{"start":{"line":17,"column":134},"end":{"line":17,"column":147}}],"line":17}},"s":{"0":7,"1":7,"2":33,"3":33,"4":0,"5":7,"6":21,"7":7,"8":21,"9":7,"10":9,"11":7,"12":14,"13":7,"14":2},"f":{"0":7,"1":7,"2":33,"3":21,"4":21,"5":9,"6":14},"b":{"0":[33,0],"1":[33,33,33],"2":[9,0]},"inputSourceMap":null,"_coverageSchema":"1a1c01bbd47fc00a2c39e90264f33305004495a9","hash":"8978570c3de749585679d3ffdb7f38fbfa961a3c"}
,"C:\\Users\\zeina\\Documents\\codin\\javascript\\jestJsonPrototypin\\tests\\prototype\\src\\checkRunner.cjs": {"path":"C:\\Users\\zeina\\Documents\\codin\\javascript\\jestJsonPrototypin\\tests\\prototype\\src\\checkRunner.cjs","statementMap":{"0":{"start":{"line":4,"column":26},"end":{"line":4,"column":60}},"1":{"start":{"line":5,"column":27},"end":{"line":5,"column":58}},"2":{"start":{"line":6,"column":25},"end":{"line":6,"column":54}},"3":{"start":{"line":7,"column":26},"end":{"line":7,"column":56}},"4":{"start":{"line":8,"column":19},"end":{"line":8,"column":47}},"5":{"start":{"line":9,"column":31},"end":{"line":9,"column":66}},"6":{"start":{"line":16,"column":8},"end":{"line":16,"column":29}},"7":{"start":{"line":17,"column":8},"end":{"line":17,"column":35}},"8":{"start":{"line":18,"column":8},"end":{"line":18,"column":43}},"9":{"start":{"line":19,"column":8},"end":{"line":19,"column":57}},"10":{"start":{"line":20,"column":8},"end":{"line":20,"column":41}},"11":{"start":{"line":40,"column":39},"end":{"line":40,"column":41}},"12":{"start":{"line":41,"column":8},"end":{"line":45,"column":9}},"13":{"start":{"line":43,"column":40},"end":{"line":43,"column":107}},"14":{"start":{"line":44,"column":12},"end":{"line":44,"column":65}},"15":{"start":{"line":47,"column":8},"end":{"line":58,"column":9}},"16":{"start":{"line":48,"column":8},"end":{"line":48,"column":116}},"17":{"start":{"line":51,"column":12},"end":{"line":57,"column":13}},"18":{"start":{"line":52,"column":16},"end":{"line":55,"column":117}},"19":{"start":{"line":56,"column":16},"end":{"line":56,"column":29}},"20":{"start":{"line":59,"column":8},"end":{"line":59,"column":40}},"21":{"start":{"line":64,"column":24},"end":{"line":64,"column":48}},"22":{"start":{"line":65,"column":27},"end":{"line":65,"column":50}},"23":{"start":{"line":66,"column":29},"end":{"line":66,"column":49}},"24":{"start":{"line":67,"column":38},"end":{"line":67,"column":57}},"25":{"start":{"line":68,"column":8},"end":{"line":70,"column":110}},"26":{"start":{"line":72,"column":8},"end":{"line":75,"column":9}},"27":{"start":{"line":73,"column":31},"end":{"line":73,"column":51}},"28":{"start":{"line":74,"column":12},"end":{"line":74,"column":114}},"29":{"start":{"line":76,"column":8},"end":{"line":76,"column":30}},"30":{"start":{"line":85,"column":29},"end":{"line":85,"column":94}},"31":{"start":{"line":86,"column":45},"end":{"line":86,"column":78}},"32":{"start":{"line":87,"column":39},"end":{"line":87,"column":79}},"33":{"start":{"line":89,"column":8},"end":{"line":91,"column":114}},"34":{"start":{"line":93,"column":8},"end":{"line":95,"column":106}},"35":{"start":{"line":98,"column":8},"end":{"line":120,"column":9}},"36":{"start":{"line":99,"column":36},"end":{"line":99,"column":72}},"37":{"start":{"line":100,"column":37},"end":{"line":100,"column":74}},"38":{"start":{"line":101,"column":12},"end":{"line":101,"column":114}},"39":{"start":{"line":102,"column":12},"end":{"line":104,"column":13}},"40":{"start":{"line":103,"column":16},"end":{"line":103,"column":63}},"41":{"start":{"line":105,"column":12},"end":{"line":107,"column":13}},"42":{"start":{"line":106,"column":16},"end":{"line":106,"column":63}},"43":{"start":{"line":109,"column":34},"end":{"line":109,"column":64}},"44":{"start":{"line":110,"column":35},"end":{"line":110,"column":66}},"45":{"start":{"line":113,"column":12},"end":{"line":113,"column":107}},"46":{"start":{"line":114,"column":12},"end":{"line":116,"column":13}},"47":{"start":{"line":115,"column":16},"end":{"line":115,"column":63}},"48":{"start":{"line":117,"column":12},"end":{"line":119,"column":13}},"49":{"start":{"line":118,"column":16},"end":{"line":118,"column":63}},"50":{"start":{"line":122,"column":8},"end":{"line":122,"column":226}},"51":{"start":{"line":127,"column":8},"end":{"line":127,"column":80}},"52":{"start":{"line":131,"column":25},"end":{"line":131,"column":27}},"53":{"start":{"line":132,"column":8},"end":{"line":170,"column":9}},"54":{"start":{"line":134,"column":12},"end":{"line":134,"column":54}},"55":{"start":{"line":137,"column":30},"end":{"line":137,"column":47}},"56":{"start":{"line":138,"column":32},"end":{"line":138,"column":56}},"57":{"start":{"line":140,"column":29},"end":{"line":140,"column":59}},"58":{"start":{"line":142,"column":33},"end":{"line":142,"column":93}},"59":{"start":{"line":143,"column":33},"end":{"line":143,"column":94}},"60":{"start":{"line":145,"column":49},"end":{"line":145,"column":96}},"61":{"start":{"line":146,"column":48},"end":{"line":146,"column":113}},"62":{"start":{"line":149,"column":43},"end":{"line":149,"column":69}},"63":{"start":{"line":150,"column":42},"end":{"line":150,"column":89}},"64":{"start":{"line":152,"column":12},"end":{"line":157,"column":14}},"65":{"start":{"line":163,"column":12},"end":{"line":165,"column":114}},"66":{"start":{"line":167,"column":12},"end":{"line":169,"column":110}},"67":{"start":{"line":171,"column":8},"end":{"line":171,"column":26}},"68":{"start":{"line":175,"column":16},"end":{"line":202,"column":31}},"69":{"start":{"line":203,"column":16},"end":{"line":249,"column":5}},"70":{"start":{"line":250,"column":24},"end":{"line":250,"column":131}},"71":{"start":{"line":251,"column":0},"end":{"line":251,"column":31}},"72":{"start":{"line":255,"column":0},"end":{"line":257,"column":1}}},"fnMap":{"0":{"name":"(anonymous_0)","decl":{"start":{"line":15,"column":4},"end":{"line":15,"column":5}},"loc":{"start":{"line":15,"column":101},"end":{"line":21,"column":5}},"line":15},"1":{"name":"(anonymous_1)","decl":{"start":{"line":23,"column":4},"end":{"line":23,"column":5}},"loc":{"start":{"line":23,"column":11},"end":{"line":25,"column":5}},"line":23},"2":{"name":"(anonymous_2)","decl":{"start":{"line":27,"column":4},"end":{"line":27,"column":5}},"loc":{"start":{"line":27,"column":77},"end":{"line":29,"column":5}},"line":27},"3":{"name":"(anonymous_3)","decl":{"start":{"line":31,"column":4},"end":{"line":31,"column":5}},"loc":{"start":{"line":31,"column":18},"end":{"line":33,"column":5}},"line":31},"4":{"name":"(anonymous_4)","decl":{"start":{"line":35,"column":4},"end":{"line":35,"column":5}},"loc":{"start":{"line":35,"column":65},"end":{"line":60,"column":5}},"line":35},"5":{"name":"(anonymous_5)","decl":{"start":{"line":62,"column":4},"end":{"line":62,"column":5}},"loc":{"start":{"line":62,"column":42},"end":{"line":77,"column":5}},"line":62},"6":{"name":"(anonymous_6)","decl":{"start":{"line":79,"column":4},"end":{"line":79,"column":5}},"loc":{"start":{"line":79,"column":38},"end":{"line":81,"column":5}},"line":79},"7":{"name":"(anonymous_7)","decl":{"start":{"line":83,"column":4},"end":{"line":83,"column":5}},"loc":{"start":{"line":83,"column":47},"end":{"line":123,"column":5}},"line":83},"8":{"name":"(anonymous_8)","decl":{"start":{"line":125,"column":4},"end":{"line":125,"column":5}},"loc":{"start":{"line":125,"column":24},"end":{"line":128,"column":5}},"line":125},"9":{"name":"(anonymous_9)","decl":{"start":{"line":130,"column":4},"end":{"line":130,"column":5}},"loc":{"start":{"line":130,"column":19},"end":{"line":172,"column":5}},"line":130}},"branchMap":{"0":{"loc":{"start":{"line":15,"column":24},"end":{"line":15,"column":40}},"type":"default-arg","locations":[{"start":{"line":15,"column":36},"end":{"line":15,"column":40}}],"line":15},"1":{"loc":{"start":{"line":15,"column":79},"end":{"line":15,"column":99}},"type":"default-arg","locations":[{"start":{"line":15,"column":94},"end":{"line":15,"column":99}}],"line":15},"2":{"loc":{"start":{"line":27,"column":18},"end":{"line":27,"column":75}},"type":"default-arg","locations":[{"start":{"line":27,"column":26},"end":{"line":27,"column":75}}],"line":27},"3":{"loc":{"start":{"line":47,"column":8},"end":{"line":58,"column":9}},"type":"if","locations":[{"start":{"line":47,"column":8},"end":{"line":58,"column":9}},{"start":{"line":50,"column":13},"end":{"line":58,"column":9}}],"line":47},"4":{"loc":{"start":{"line":52,"column":16},"end":{"line":55,"column":116}},"type":"cond-expr","locations":[{"start":{"line":53,"column":16},"end":{"line":53,"column":112}},{"start":{"line":55,"column":16},"end":{"line":55,"column":116}}],"line":52},"5":{"loc":{"start":{"line":68,"column":8},"end":{"line":70,"column":109}},"type":"cond-expr","locations":[{"start":{"line":69,"column":8},"end":{"line":69,"column":105}},{"start":{"line":70,"column":8},"end":{"line":70,"column":109}}],"line":68},"6":{"loc":{"start":{"line":72,"column":8},"end":{"line":75,"column":9}},"type":"if","locations":[{"start":{"line":72,"column":8},"end":{"line":75,"column":9}},{"start":{},"end":{}}],"line":72},"7":{"loc":{"start":{"line":85,"column":55},"end":{"line":85,"column":93}},"type":"cond-expr","locations":[{"start":{"line":85,"column":72},"end":{"line":85,"column":86}},{"start":{"line":85,"column":89},"end":{"line":85,"column":93}}],"line":85},"8":{"loc":{"start":{"line":89,"column":8},"end":{"line":91,"column":113}},"type":"cond-expr","locations":[{"start":{"line":90,"column":8},"end":{"line":90,"column":109}},{"start":{"line":91,"column":8},"end":{"line":91,"column":113}}],"line":89},"9":{"loc":{"start":{"line":93,"column":8},"end":{"line":95,"column":105}},"type":"cond-expr","locations":[{"start":{"line":94,"column":8},"end":{"line":94,"column":101}},{"start":{"line":95,"column":8},"end":{"line":95,"column":105}}],"line":93},"10":{"loc":{"start":{"line":98,"column":8},"end":{"line":120,"column":9}},"type":"if","locations":[{"start":{"line":98,"column":8},"end":{"line":120,"column":9}},{"start":{},"end":{}}],"line":98},"11":{"loc":{"start":{"line":98,"column":12},"end":{"line":98,"column":127}},"type":"binary-expr","locations":[{"start":{"line":98,"column":12},"end":{"line":98,"column":37}},{"start":{"line":98,"column":41},"end":{"line":98,"column":79}},{"start":{"line":98,"column":83},"end":{"line":98,"column":127}}],"line":98},"12":{"loc":{"start":{"line":127,"column":15},"end":{"line":127,"column":79}},"type":"cond-expr","locations":[{"start":{"line":127,"column":46},"end":{"line":127,"column":59}},{"start":{"line":127,"column":62},"end":{"line":127,"column":79}}],"line":127},"13":{"loc":{"start":{"line":163,"column":12},"end":{"line":165,"column":113}},"type":"cond-expr","locations":[{"start":{"line":164,"column":12},"end":{"line":164,"column":109}},{"start":{"line":165,"column":12},"end":{"line":165,"column":113}}],"line":163},"14":{"loc":{"start":{"line":167,"column":12},"end":{"line":169,"column":109}},"type":"cond-expr","locations":[{"start":{"line":168,"column":12},"end":{"line":168,"column":105}},{"start":{"line":169,"column":12},"end":{"line":169,"column":109}}],"line":167}},"s":{"0":1,"1":1,"2":1,"3":1,"4":1,"5":1,"6":7,"7":7,"8":7,"9":7,"10":7,"11":1,"12":1,"13":0,"14":0,"15":1,"16":1,"17":0,"18":0,"19":0,"20":1,"21":5,"22":5,"23":5,"24":5,"25":5,"26":5,"27":3,"28":3,"29":5,"30":1,"31":1,"32":1,"33":1,"34":1,"35":1,"36":1,"37":1,"38":1,"39":1,"40":0,"41":1,"42":3,"43":1,"44":1,"45":1,"46":1,"47":0,"48":1,"49":3,"50":1,"51":8,"52":1,"53":1,"54":1,"55":1,"56":1,"57":1,"58":1,"59":1,"60":1,"61":1,"62":1,"63":1,"64":1,"65":1,"66":1,"67":1,"68":1,"69":1,"70":1,"71":1,"72":1},"f":{"0":7,"1":0,"2":0,"3":0,"4":1,"5":5,"6":0,"7":1,"8":8,"9":1},"b":{"0":[6],"1":[6],"2":[0],"3":[1,0],"4":[0,0],"5":[2,3],"6":[3,2],"7":[1,0],"8":[0,1],"9":[0,1],"10":[1,0],"11":[1,1,1],"12":[5,3],"13":[1,0],"14":[0,1]},"inputSourceMap":null,"_coverageSchema":"1a1c01bbd47fc00a2c39e90264f33305004495a9","hash":"2aa71415347be372063390cbf60a96e7ea6f5cab"}
,"C:\\Users\\zeina\\Documents\\codin\\javascript\\jestJsonPrototypin\\tests\\prototype\\src\\helperFuncs.cjs": {"path":"C:\\Users\\zeina\\Documents\\codin\\javascript\\jestJsonPrototypin\\tests\\prototype\\src\\helperFuncs.cjs","statementMap":{"0":{"start":{"line":3,"column":8},"end":{"line":3,"column":27}},"1":{"start":{"line":7,"column":27},"end":{"line":7,"column":86}},"2":{"start":{"line":7,"column":64},"end":{"line":7,"column":84}},"3":{"start":{"line":8,"column":8},"end":{"line":8,"column":26}},"4":{"start":{"line":12,"column":25},"end":{"line":12,"column":110}},"5":{"start":{"line":12,"column":66},"end":{"line":12,"column":108}},"6":{"start":{"line":13,"column":8},"end":{"line":13,"column":114}},"7":{"start":{"line":13,"column":41},"end":{"line":13,"column":71}},"8":{"start":{"line":13,"column":92},"end":{"line":13,"column":112}},"9":{"start":{"line":19,"column":8},"end":{"line":21,"column":9}},"10":{"start":{"line":20,"column":12},"end":{"line":20,"column":25}},"11":{"start":{"line":23,"column":8},"end":{"line":25,"column":9}},"12":{"start":{"line":24,"column":12},"end":{"line":24,"column":25}},"13":{"start":{"line":27,"column":8},"end":{"line":27,"column":31}},"14":{"start":{"line":28,"column":8},"end":{"line":28,"column":31}},"15":{"start":{"line":30,"column":8},"end":{"line":35,"column":9}},"16":{"start":{"line":30,"column":19},"end":{"line":30,"column":20}},"17":{"start":{"line":32,"column":12},"end":{"line":34,"column":13}},"18":{"start":{"line":33,"column":16},"end":{"line":33,"column":29}},"19":{"start":{"line":36,"column":8},"end":{"line":36,"column":20}},"20":{"start":{"line":42,"column":30},"end":{"line":42,"column":52}},"21":{"start":{"line":46,"column":23},"end":{"line":51,"column":10}},"22":{"start":{"line":47,"column":12},"end":{"line":49,"column":13}},"23":{"start":{"line":48,"column":16},"end":{"line":48,"column":28}},"24":{"start":{"line":50,"column":12},"end":{"line":50,"column":25}},"25":{"start":{"line":52,"column":28},"end":{"line":57,"column":10}},"26":{"start":{"line":53,"column":12},"end":{"line":55,"column":13}},"27":{"start":{"line":54,"column":16},"end":{"line":54,"column":28}},"28":{"start":{"line":56,"column":12},"end":{"line":56,"column":25}},"29":{"start":{"line":58,"column":28},"end":{"line":63,"column":10}},"30":{"start":{"line":59,"column":12},"end":{"line":61,"column":13}},"31":{"start":{"line":60,"column":16},"end":{"line":60,"column":28}},"32":{"start":{"line":62,"column":12},"end":{"line":62,"column":25}},"33":{"start":{"line":64,"column":22},"end":{"line":65,"column":60}},"34":{"start":{"line":64,"column":46},"end":{"line":64,"column":67}},"35":{"start":{"line":64,"column":99},"end":{"line":64,"column":121}},"36":{"start":{"line":65,"column":36},"end":{"line":65,"column":57}},"37":{"start":{"line":66,"column":8},"end":{"line":66,"column":21}},"38":{"start":{"line":70,"column":0},"end":{"line":72,"column":1}}},"fnMap":{"0":{"name":"(anonymous_0)","decl":{"start":{"line":2,"column":4},"end":{"line":2,"column":5}},"loc":{"start":{"line":2,"column":22},"end":{"line":4,"column":5}},"line":2},"1":{"name":"(anonymous_1)","decl":{"start":{"line":6,"column":4},"end":{"line":6,"column":5}},"loc":{"start":{"line":6,"column":23},"end":{"line":9,"column":5}},"line":6},"2":{"name":"(anonymous_2)","decl":{"start":{"line":7,"column":53},"end":{"line":7,"column":54}},"loc":{"start":{"line":7,"column":63},"end":{"line":7,"column":85}},"line":7},"3":{"name":"(anonymous_3)","decl":{"start":{"line":11,"column":4},"end":{"line":11,"column":5}},"loc":{"start":{"line":11,"column":45},"end":{"line":15,"column":5}},"line":11},"4":{"name":"(anonymous_4)","decl":{"start":{"line":12,"column":59},"end":{"line":12,"column":60}},"loc":{"start":{"line":12,"column":66},"end":{"line":12,"column":108}},"line":12},"5":{"name":"(anonymous_5)","decl":{"start":{"line":13,"column":30},"end":{"line":13,"column":31}},"loc":{"start":{"line":13,"column":41},"end":{"line":13,"column":71}},"line":13},"6":{"name":"(anonymous_6)","decl":{"start":{"line":13,"column":81},"end":{"line":13,"column":82}},"loc":{"start":{"line":13,"column":92},"end":{"line":13,"column":112}},"line":13},"7":{"name":"(anonymous_7)","decl":{"start":{"line":17,"column":4},"end":{"line":17,"column":5}},"loc":{"start":{"line":17,"column":39},"end":{"line":37,"column":5}},"line":17},"8":{"name":"(anonymous_8)","decl":{"start":{"line":39,"column":4},"end":{"line":39,"column":5}},"loc":{"start":{"line":39,"column":35},"end":{"line":67,"column":5}},"line":39},"9":{"name":"(anonymous_9)","decl":{"start":{"line":46,"column":37},"end":{"line":46,"column":38}},"loc":{"start":{"line":46,"column":45},"end":{"line":51,"column":9}},"line":46},"10":{"name":"(anonymous_10)","decl":{"start":{"line":52,"column":49},"end":{"line":52,"column":50}},"loc":{"start":{"line":52,"column":57},"end":{"line":57,"column":9}},"line":52},"11":{"name":"(anonymous_11)","decl":{"start":{"line":58,"column":49},"end":{"line":58,"column":50}},"loc":{"start":{"line":58,"column":57},"end":{"line":63,"column":9}},"line":58},"12":{"name":"(anonymous_12)","decl":{"start":{"line":64,"column":37},"end":{"line":64,"column":38}},"loc":{"start":{"line":64,"column":45},"end":{"line":64,"column":68}},"line":64},"13":{"name":"(anonymous_13)","decl":{"start":{"line":64,"column":90},"end":{"line":64,"column":91}},"loc":{"start":{"line":64,"column":98},"end":{"line":64,"column":122}},"line":64},"14":{"name":"(anonymous_14)","decl":{"start":{"line":65,"column":27},"end":{"line":65,"column":28}},"loc":{"start":{"line":65,"column":35},"end":{"line":65,"column":58}},"line":65}},"branchMap":{"0":{"loc":{"start":{"line":12,"column":66},"end":{"line":12,"column":108}},"type":"binary-expr","locations":[{"start":{"line":12,"column":66},"end":{"line":12,"column":84}},{"start":{"line":12,"column":88},"end":{"line":12,"column":108}}],"line":12},"1":{"loc":{"start":{"line":19,"column":8},"end":{"line":21,"column":9}},"type":"if","locations":[{"start":{"line":19,"column":8},"end":{"line":21,"column":9}},{"start":{},"end":{}}],"line":19},"2":{"loc":{"start":{"line":19,"column":12},"end":{"line":19,"column":30}},"type":"binary-expr","locations":[{"start":{"line":19,"column":12},"end":{"line":19,"column":19}},{"start":{"line":19,"column":23},"end":{"line":19,"column":30}}],"line":19},"3":{"loc":{"start":{"line":23,"column":8},"end":{"line":25,"column":9}},"type":"if","locations":[{"start":{"line":23,"column":8},"end":{"line":25,"column":9}},{"start":{},"end":{}}],"line":23},"4":{"loc":{"start":{"line":32,"column":12},"end":{"line":34,"column":13}},"type":"if","locations":[{"start":{"line":32,"column":12},"end":{"line":34,"column":13}},{"start":{},"end":{}}],"line":32},"5":{"loc":{"start":{"line":47,"column":12},"end":{"line":49,"column":13}},"type":"if","locations":[{"start":{"line":47,"column":12},"end":{"line":49,"column":13}},{"start":{},"end":{}}],"line":47},"6":{"loc":{"start":{"line":47,"column":16},"end":{"line":47,"column":62}},"type":"binary-expr","locations":[{"start":{"line":47,"column":16},"end":{"line":47,"column":37}},{"start":{"line":47,"column":41},"end":{"line":47,"column":62}}],"line":47},"7":{"loc":{"start":{"line":53,"column":12},"end":{"line":55,"column":13}},"type":"if","locations":[{"start":{"line":53,"column":12},"end":{"line":55,"column":13}},{"start":{},"end":{}}],"line":53},"8":{"loc":{"start":{"line":53,"column":16},"end":{"line":53,"column":63}},"type":"binary-expr","locations":[{"start":{"line":53,"column":16},"end":{"line":53,"column":37}},{"start":{"line":53,"column":41},"end":{"line":53,"column":63}}],"line":53},"9":{"loc":{"start":{"line":59,"column":12},"end":{"line":61,"column":13}},"type":"if","locations":[{"start":{"line":59,"column":12},"end":{"line":61,"column":13}},{"start":{},"end":{}}],"line":59},"10":{"loc":{"start":{"line":59,"column":16},"end":{"line":59,"column":63}},"type":"binary-expr","locations":[{"start":{"line":59,"column":16},"end":{"line":59,"column":37}},{"start":{"line":59,"column":41},"end":{"line":59,"column":63}}],"line":59}},"s":{"0":78,"1":62,"2":235,"3":62,"4":4,"5":12,"6":4,"7":12,"8":12,"9":69,"10":1,"11":68,"12":29,"13":39,"14":39,"15":39,"16":39,"17":130,"18":9,"19":30,"20":126,"21":126,"22":474,"23":350,"24":124,"25":126,"26":862,"27":124,"28":738,"29":126,"30":862,"31":38,"32":824,"33":126,"34":350,"35":124,"36":38,"37":126,"38":3},"f":{"0":78,"1":62,"2":235,"3":4,"4":12,"5":12,"6":12,"7":69,"8":126,"9":474,"10":862,"11":862,"12":350,"13":124,"14":38},"b":{"0":[12,12],"1":[1,68],"2":[69,68],"3":[29,39],"4":[9,121],"5":[350,124],"6":[474,474],"7":[124,738],"8":[862,824],"9":[38,824],"10":[862,738]},"inputSourceMap":null,"_coverageSchema":"1a1c01bbd47fc00a2c39e90264f33305004495a9","hash":"f6429be6c48a14c1c24440634831de0a2155a0c2"}
,"C:\\Users\\zeina\\Documents\\codin\\javascript\\jestJsonPrototypin\\tests\\prototype\\src\\keyValReverseCheck.cjs": {"path":"C:\\Users\\zeina\\Documents\\codin\\javascript\\jestJsonPrototypin\\tests\\prototype\\src\\keyValReverseCheck.cjs","statementMap":{"0":{"start":{"line":3,"column":8},"end":{"line":3,"column":37}},"1":{"start":{"line":4,"column":8},"end":{"line":4,"column":37}},"2":{"start":{"line":8,"column":35},"end":{"line":8,"column":66}},"3":{"start":{"line":9,"column":35},"end":{"line":9,"column":66}},"4":{"start":{"line":11,"column":22},"end":{"line":11,"column":24}},"5":{"start":{"line":13,"column":22},"end":{"line":13,"column":26}},"6":{"start":{"line":14,"column":8},"end":{"line":23,"column":9}},"7":{"start":{"line":15,"column":12},"end":{"line":22,"column":13}},"8":{"start":{"line":15,"column":50},"end":{"line":15,"column":82}},"9":{"start":{"line":16,"column":16},"end":{"line":16,"column":32}},"10":{"start":{"line":17,"column":16},"end":{"line":17,"column":49}},"11":{"start":{"line":21,"column":16},"end":{"line":21,"column":49}},"12":{"start":{"line":24,"column":8},"end":{"line":33,"column":9}},"13":{"start":{"line":25,"column":12},"end":{"line":32,"column":13}},"14":{"start":{"line":25,"column":50},"end":{"line":25,"column":82}},"15":{"start":{"line":26,"column":16},"end":{"line":26,"column":32}},"16":{"start":{"line":27,"column":16},"end":{"line":27,"column":49}},"17":{"start":{"line":31,"column":16},"end":{"line":31,"column":49}},"18":{"start":{"line":36,"column":8},"end":{"line":41,"column":9}},"19":{"start":{"line":37,"column":12},"end":{"line":37,"column":57}},"20":{"start":{"line":40,"column":12},"end":{"line":40,"column":58}},"21":{"start":{"line":45,"column":0},"end":{"line":47,"column":1}}},"fnMap":{"0":{"name":"(anonymous_0)","decl":{"start":{"line":2,"column":4},"end":{"line":2,"column":5}},"loc":{"start":{"line":2,"column":41},"end":{"line":5,"column":5}},"line":2},"1":{"name":"(anonymous_1)","decl":{"start":{"line":6,"column":4},"end":{"line":6,"column":5}},"loc":{"start":{"line":6,"column":12},"end":{"line":42,"column":5}},"line":6},"2":{"name":"(anonymous_2)","decl":{"start":{"line":15,"column":42},"end":{"line":15,"column":43}},"loc":{"start":{"line":15,"column":50},"end":{"line":15,"column":82}},"line":15},"3":{"name":"(anonymous_3)","decl":{"start":{"line":25,"column":42},"end":{"line":25,"column":43}},"loc":{"start":{"line":25,"column":50},"end":{"line":25,"column":82}},"line":25}},"branchMap":{"0":{"loc":{"start":{"line":15,"column":12},"end":{"line":22,"column":13}},"type":"if","locations":[{"start":{"line":15,"column":12},"end":{"line":22,"column":13}},{"start":{"line":20,"column":17},"end":{"line":22,"column":13}}],"line":15},"1":{"loc":{"start":{"line":15,"column":50},"end":{"line":15,"column":82}},"type":"binary-expr","locations":[{"start":{"line":15,"column":50},"end":{"line":15,"column":64}},{"start":{"line":15,"column":68},"end":{"line":15,"column":82}}],"line":15},"2":{"loc":{"start":{"line":25,"column":12},"end":{"line":32,"column":13}},"type":"if","locations":[{"start":{"line":25,"column":12},"end":{"line":32,"column":13}},{"start":{"line":30,"column":17},"end":{"line":32,"column":13}}],"line":25},"3":{"loc":{"start":{"line":25,"column":50},"end":{"line":25,"column":82}},"type":"binary-expr","locations":[{"start":{"line":25,"column":50},"end":{"line":25,"column":64}},{"start":{"line":25,"column":68},"end":{"line":25,"column":82}}],"line":25},"4":{"loc":{"start":{"line":36,"column":8},"end":{"line":41,"column":9}},"type":"if","locations":[{"start":{"line":36,"column":8},"end":{"line":41,"column":9}},{"start":{"line":39,"column":13},"end":{"line":41,"column":9}}],"line":36}},"s":{"0":10,"1":10,"2":10,"3":10,"4":10,"5":10,"6":10,"7":48,"8":288,"9":14,"10":14,"11":34,"12":10,"13":48,"14":288,"15":14,"16":14,"17":34,"18":10,"19":6,"20":4,"21":2},"f":{"0":10,"1":10,"2":288,"3":288},"b":{"0":[14,34],"1":[288,36],"2":[14,34],"3":[288,34],"4":[6,4]},"inputSourceMap":null,"_coverageSchema":"1a1c01bbd47fc00a2c39e90264f33305004495a9","hash":"314467ccad2c9f9b9d0a51bb7fd28a2bad3280a4"}
}
