{"C:\\Users\\zeina\\Documents\\codin\\javascript\\jestJsonPrototypin\\tests\\prototype\\src\\noSingleEquals.cjs": {"path":"C:\\Users\\zeina\\Documents\\codin\\javascript\\jestJsonPrototypin\\tests\\prototype\\src\\noSingleEquals.cjs","statementMap":{"0":{"start":{"line":3,"column":8},"end":{"line":3,"column":27}},"1":{"start":{"line":6,"column":39},"end":{"line":6,"column":74}},"2":{"start":{"line":7,"column":8},"end":{"line":7,"column":102}},"3":{"start":{"line":12,"column":39},"end":{"line":12,"column":155}},"4":{"start":{"line":12,"column":82},"end":{"line":12,"column":153}},"5":{"start":{"line":13,"column":8},"end":{"line":13,"column":46}},"6":{"start":{"line":14,"column":8},"end":{"line":14,"column":40}},"7":{"start":{"line":25,"column":0},"end":{"line":27,"column":1}}},"fnMap":{"0":{"name":"(anonymous_0)","decl":{"start":{"line":2,"column":4},"end":{"line":2,"column":5}},"loc":{"start":{"line":2,"column":24},"end":{"line":4,"column":5}},"line":2},"1":{"name":"(anonymous_1)","decl":{"start":{"line":5,"column":4},"end":{"line":5,"column":5}},"loc":{"start":{"line":5,"column":9},"end":{"line":8,"column":5}},"line":5},"2":{"name":"(anonymous_2)","decl":{"start":{"line":9,"column":4},"end":{"line":9,"column":5}},"loc":{"start":{"line":9,"column":34},"end":{"line":15,"column":5}},"line":9},"3":{"name":"(anonymous_3)","decl":{"start":{"line":12,"column":73},"end":{"line":12,"column":74}},"loc":{"start":{"line":12,"column":81},"end":{"line":12,"column":154}},"line":12}},"branchMap":{"0":{"loc":{"start":{"line":12,"column":89},"end":{"line":12,"column":153}},"type":"binary-expr","locations":[{"start":{"line":12,"column":89},"end":{"line":12,"column":118}},{"start":{"line":12,"column":122},"end":{"line":12,"column":153}}],"line":12}},"s":{"0":4,"1":4,"2":4,"3":4,"4":17,"5":4,"6":4,"7":1},"f":{"0":4,"1":4,"2":4,"3":17},"b":{"0":[17,12]},"inputSourceMap":null,"_coverageSchema":"1a1c01bbd47fc00a2c39e90264f33305004495a9","hash":"beec1a507a53e70888e9ccc4803a991f850a6cd7"}
}
