TN:
SF:prototype\src\allEntitiesUsed.cjs
FN:5,(anonymous_0)
FN:10,(anonymous_1)
FN:18,(anonymous_2)
FN:31,(anonymous_3)
FN:33,(anonymous_4)
FN:37,(anonymous_5)
FN:52,(anonymous_6)
FN:65,(anonymous_7)
FN:84,(anonymous_8)
FN:86,(anonymous_9)
FN:102,(anonymous_10)
FN:108,(anonymous_11)
FN:116,(anonymous_12)
FNF:13
FNH:11
FNDA:24,(anonymous_0)
FNDA:0,(anonymous_1)
FNDA:0,(anonymous_2)
FNDA:14,(anonymous_3)
FNDA:18,(anonymous_4)
FNDA:18,(anonymous_5)
FNDA:12,(anonymous_6)
FNDA:21,(anonymous_7)
FNDA:22,(anonymous_8)
FNDA:22,(anonymous_9)
FNDA:18,(anonymous_10)
FNDA:21,(anonymous_11)
FNDA:84,(anonymous_12)
DA:1,1
DA:6,24
DA:7,24
DA:8,24
DA:33,18
DA:37,14
DA:38,18
DA:39,18
DA:40,18
DA:41,18
DA:42,18
DA:45,18
DA:46,18
DA:48,18
DA:52,14
DA:53,12
DA:54,12
DA:55,12
DA:56,12
DA:58,12
DA:61,14
DA:66,21
DA:67,5
DA:68,5
DA:69,5
DA:70,5
DA:71,5
DA:73,16
DA:74,5
DA:75,5
DA:76,5
DA:80,11
DA:86,22
DA:87,22
DA:89,22
DA:90,13
DA:94,9
DA:96,22
DA:97,3
DA:100,19
DA:101,10
DA:102,18
DA:105,22
DA:116,84
DA:118,21
DA:119,21
DA:120,21
DA:121,21
DA:122,0
DA:126,21
DA:130,1
LF:51
LH:50
BRDA:48,0,0,18
BRDA:48,0,1,10
BRDA:66,1,0,5
BRDA:66,1,1,16
BRDA:73,2,0,5
BRDA:73,2,1,11
BRDA:84,3,0,2
BRDA:89,4,0,13
BRDA:89,4,1,9
BRDA:96,5,0,3
BRDA:96,5,1,19
BRDA:96,6,0,22
BRDA:96,6,1,12
BRDA:100,7,0,10
BRDA:100,7,1,9
BRDA:119,8,0,21
BRDA:119,8,1,0
BRDA:121,9,0,0
BRDA:121,9,1,21
BRF:19
BRH:17
end_of_record
TN:
SF:prototype\src\helperFuncs.cjs
FN:2,(anonymous_0)
FN:6,(anonymous_1)
FN:7,(anonymous_2)
FN:11,(anonymous_3)
FN:13,(anonymous_4)
FN:14,(anonymous_5)
FN:16,(anonymous_6)
FN:25,(anonymous_7)
FN:26,(anonymous_8)
FN:27,(anonymous_9)
FN:27,(anonymous_10)
FN:31,(anonymous_11)
FN:53,(anonymous_12)
FN:60,(anonymous_13)
FN:66,(anonymous_14)
FN:72,(anonymous_15)
FN:78,(anonymous_16)
FN:78,(anonymous_17)
FN:79,(anonymous_18)
FNF:19
FNH:5
FNDA:24,(anonymous_0)
FNDA:0,(anonymous_1)
FNDA:0,(anonymous_2)
FNDA:24,(anonymous_3)
FNDA:18,(anonymous_4)
FNDA:18,(anonymous_5)
FNDA:26,(anonymous_6)
FNDA:0,(anonymous_7)
FNDA:0,(anonymous_8)
FNDA:0,(anonymous_9)
FNDA:0,(anonymous_10)
FNDA:0,(anonymous_11)
FNDA:0,(anonymous_12)
FNDA:0,(anonymous_13)
FNDA:0,(anonymous_14)
FNDA:0,(anonymous_15)
FNDA:0,(anonymous_16)
FNDA:0,(anonymous_17)
FNDA:0,(anonymous_18)
DA:3,24
DA:7,0
DA:8,0
DA:12,24
DA:13,24
DA:14,24
DA:15,18
DA:16,26
DA:18,18
DA:19,18
DA:20,18
DA:22,24
DA:26,0
DA:27,0
DA:33,0
DA:34,0
DA:37,0
DA:38,0
DA:41,0
DA:42,0
DA:44,0
DA:46,0
DA:47,0
DA:50,0
DA:56,0
DA:60,0
DA:61,0
DA:62,0
DA:64,0
DA:66,0
DA:67,0
DA:68,0
DA:70,0
DA:72,0
DA:73,0
DA:74,0
DA:76,0
DA:78,0
DA:79,0
DA:80,0
DA:84,1
LF:41
LH:11
BRDA:26,0,0,0
BRDA:26,0,1,0
BRDA:33,1,0,0
BRDA:33,1,1,0
BRDA:33,2,0,0
BRDA:33,2,1,0
BRDA:37,3,0,0
BRDA:37,3,1,0
BRDA:46,4,0,0
BRDA:46,4,1,0
BRDA:61,5,0,0
BRDA:61,5,1,0
BRDA:61,6,0,0
BRDA:61,6,1,0
BRDA:67,7,0,0
BRDA:67,7,1,0
BRDA:67,8,0,0
BRDA:67,8,1,0
BRDA:73,9,0,0
BRDA:73,9,1,0
BRDA:73,10,0,0
BRDA:73,10,1,0
BRF:22
BRH:0
end_of_record
