TN:
SF:prototype\testFuncs.cjs
FN:6,getListOfIntents
FN:7,(anonymous_1)
FN:11,retrieveNamedContextVariable
FN:12,(anonymous_3)
FN:13,(anonymous_4)
FN:13,(anonymous_5)
FN:19,checkKeyValuesAlign
FN:20,(anonymous_7)
FN:20,(anonymous_8)
FN:27,checkAllNodesWithOneResponseSequential
FN:29,(anonymous_10)
FN:37,(anonymous_11)
FN:38,(anonymous_12)
FN:41,checkAllNodesWithMultipleResponsesMultiline
FN:43,(anonymous_14)
FN:51,(anonymous_15)
FN:52,(anonymous_16)
FN:55,checkAllIntentsUsedInAnEntryCondition
FN:65,(anonymous_18)
FN:70,(anonymous_19)
FN:81,checkArrayEquality
FN:103,checkAllIntentsInMapping
FNF:22
FNH:22
FNDA:15,getListOfIntents
FNDA:64,(anonymous_1)
FNDA:2,retrieveNamedContextVariable
FNDA:6,(anonymous_3)
FNDA:6,(anonymous_4)
FNDA:6,(anonymous_5)
FNDA:5,checkKeyValuesAlign
FNDA:14,(anonymous_7)
FNDA:12,(anonymous_8)
FNDA:3,checkAllNodesWithOneResponseSequential
FNDA:15,(anonymous_10)
FNDA:9,(anonymous_11)
FNDA:6,(anonymous_12)
FNDA:3,checkAllNodesWithMultipleResponsesMultiline
FNDA:15,(anonymous_14)
FNDA:6,(anonymous_15)
FNDA:5,(anonymous_16)
FNDA:14,checkAllIntentsUsedInAnEntryCondition
FNDA:122,(anonymous_18)
FNDA:135,(anonymous_19)
FNDA:27,checkArrayEquality
FNDA:4,checkAllIntentsInMapping
DA:7,64
DA:8,15
DA:12,6
DA:13,6
DA:20,14
DA:29,3
DA:30,15
DA:31,15
DA:34,0
DA:37,9
DA:38,6
DA:43,3
DA:44,15
DA:45,15
DA:48,0
DA:51,6
DA:52,5
DA:56,14
DA:57,14
DA:58,14
DA:59,14
DA:62,55
DA:63,55
DA:64,28
DA:65,122
DA:68,27
DA:69,27
DA:70,135
DA:73,55
DA:74,41
DA:78,14
DA:83,27
DA:84,1
DA:87,26
DA:88,9
DA:91,17
DA:92,17
DA:94,17
DA:96,58
DA:97,5
DA:100,12
DA:104,4
DA:105,4
DA:106,4
DA:107,4
DA:110,1
LF:46
LH:44
BRDA:12,0,0,6
BRDA:12,0,1,6
BRDA:20,1,0,5
BRDA:20,1,1,3
BRDA:30,2,0,15
BRDA:30,2,1,0
BRDA:30,3,0,15
BRDA:30,3,1,15
BRDA:30,3,2,15
BRDA:44,4,0,15
BRDA:44,4,1,0
BRDA:44,5,0,15
BRDA:44,5,1,15
BRDA:44,5,2,15
BRDA:55,6,0,8
BRDA:63,7,0,28
BRDA:63,7,1,27
BRDA:73,8,0,41
BRDA:73,8,1,14
BRDA:83,9,0,1
BRDA:83,9,1,26
BRDA:83,10,0,27
BRDA:83,10,1,26
BRDA:87,11,0,9
BRDA:87,11,1,17
BRDA:96,12,0,5
BRDA:96,12,1,53
BRDA:103,13,0,2
BRDA:104,14,0,2
BRDA:104,14,1,2
BRF:30
BRH:28
end_of_record
